c:\users\kostya\source\repos\opengl_renderer\opengl_renderer\x64\debug\vc143.pdb
c:\users\kostya\source\repos\opengl_renderer\opengl_renderer\x64\debug\vc143.idb
c:\users\kostya\source\repos\opengl_renderer\opengl_renderer\x64\debug\gl.obj
c:\users\kostya\source\repos\opengl_renderer\opengl_renderer\x64\debug\renderer.obj
c:\users\kostya\source\repos\opengl_renderer\opengl_renderer\x64\debug\model.obj
c:\users\kostya\source\repos\opengl_renderer\opengl_renderer\x64\debug\mesh.obj
c:\users\kostya\source\repos\opengl_renderer\opengl_renderer\x64\debug\main.obj
c:\users\kostya\source\repos\opengl_renderer\opengl_renderer\x64\debug\shader.obj
c:\users\kostya\source\repos\opengl_renderer\opengl_renderer\x64\debug\directionallight.obj
c:\users\kostya\source\repos\opengl_renderer\x64\debug\opengl_renderer.exe
c:\users\kostya\source\repos\opengl_renderer\x64\debug\opengl_renderer.pdb
c:\users\kostya\source\repos\opengl_renderer\opengl_renderer\x64\debug\opengl_renderer.res
c:\users\kostya\source\repos\opengl_renderer\opengl_renderer\x64\debug\opengl_renderer.ilk
c:\users\kostya\source\repos\opengl_renderer\opengl_renderer\x64\debug\opengl_renderer.tlog\cl.command.1.tlog
c:\users\kostya\source\repos\opengl_renderer\opengl_renderer\x64\debug\opengl_renderer.tlog\cl.items.tlog
c:\users\kostya\source\repos\opengl_renderer\opengl_renderer\x64\debug\opengl_renderer.tlog\cl.read.1.tlog
c:\users\kostya\source\repos\opengl_renderer\opengl_renderer\x64\debug\opengl_renderer.tlog\cl.write.1.tlog
c:\users\kostya\source\repos\opengl_renderer\opengl_renderer\x64\debug\opengl_renderer.tlog\link.command.1.tlog
c:\users\kostya\source\repos\opengl_renderer\opengl_renderer\x64\debug\opengl_renderer.tlog\link.read.1.tlog
c:\users\kostya\source\repos\opengl_renderer\opengl_renderer\x64\debug\opengl_renderer.tlog\link.secondary.1.tlog
c:\users\kostya\source\repos\opengl_renderer\opengl_renderer\x64\debug\opengl_renderer.tlog\link.write.1.tlog
c:\users\kostya\source\repos\opengl_renderer\opengl_renderer\x64\debug\opengl_renderer.tlog\rc.command.1.tlog
c:\users\kostya\source\repos\opengl_renderer\opengl_renderer\x64\debug\opengl_renderer.tlog\rc.read.1.tlog
c:\users\kostya\source\repos\opengl_renderer\opengl_renderer\x64\debug\opengl_renderer.tlog\rc.write.1.tlog
